<?xml version="1.0" encoding="UTF-8"?>
<!-- Generated by org.testng.reporters.JUnitXMLReporter -->
<testsuite hostname="CMLPT015" ignored="0" name="Test" tests="90" failures="0" timestamp="31 May 2019 12:51:39 GMT" time="296.201" errors="0">
  <testcase name="setUpData" time="1.793" classname="com.pkg.testcases.DataSetter"/>
  <testcase name="setUpData" time="1.687" classname="com.pkg.testcases.DataSetter"/>
  <testcase name="setUpData" time="1.628" classname="com.pkg.testcases.DataSetter"/>
  <testcase name="setUpData" time="1.716" classname="com.pkg.testcases.DataSetter"/>
  <testcase name="setUpData" time="1.669" classname="com.pkg.testcases.DataSetter"/>
  <testcase name="setUpData" time="1.677" classname="com.pkg.testcases.DataSetter"/>
  <testcase name="setUpData" time="1.641" classname="com.pkg.testcases.DataSetter"/>
  <testcase name="setUpData" time="1.648" classname="com.pkg.testcases.DataSetter"/>
  <testcase name="setUpData" time="2.067" classname="com.pkg.testcases.DataSetter"/>
  <testcase name="setUpData" time="2.037" classname="com.pkg.testcases.DataSetter"/>
  <testcase name="setUpData" time="1.641" classname="com.pkg.testcases.DataSetter"/>
  <testcase name="setUpData" time="1.762" classname="com.pkg.testcases.DataSetter"/>
  <testcase name="setUpData" time="1.701" classname="com.pkg.testcases.DataSetter"/>
  <testcase name="setUpData" time="1.717" classname="com.pkg.testcases.DataSetter"/>
  <testcase name="setUpData" time="1.823" classname="com.pkg.testcases.DataSetter"/>
  <testcase name="setUpData" time="1.688" classname="com.pkg.testcases.DataSetter"/>
  <testcase name="setUpData" time="1.8" classname="com.pkg.testcases.DataSetter"/>
  <testcase name="setUpData" time="1.658" classname="com.pkg.testcases.DataSetter"/>
  <testcase name="setUpData" time="5.862" classname="com.pkg.testcases.DataSetter"/>
  <testcase name="setUpData" time="1.666" classname="com.pkg.testcases.DataSetter"/>
  <testcase name="setUpData" time="1.637" classname="com.pkg.testcases.DataSetter"/>
  <testcase name="setUpData" time="1.616" classname="com.pkg.testcases.DataSetter"/>
  <testcase name="setUpData" time="1.618" classname="com.pkg.testcases.DataSetter"/>
  <testcase name="setUpData" time="1.63" classname="com.pkg.testcases.DataSetter"/>
  <testcase name="setUpData" time="1.723" classname="com.pkg.testcases.DataSetter"/>
  <testcase name="setUpData" time="1.665" classname="com.pkg.testcases.DataSetter"/>
  <testcase name="setUpData" time="1.672" classname="com.pkg.testcases.DataSetter"/>
  <testcase name="setUpData" time="1.66" classname="com.pkg.testcases.DataSetter"/>
  <testcase name="setUpData" time="1.767" classname="com.pkg.testcases.DataSetter"/>
  <testcase name="setUpData" time="1.619" classname="com.pkg.testcases.DataSetter"/>
  <testcase name="setUpData" time="1.618" classname="com.pkg.testcases.DataSetter"/>
  <testcase name="setUpData" time="1.618" classname="com.pkg.testcases.DataSetter"/>
  <testcase name="setUpData" time="1.648" classname="com.pkg.testcases.DataSetter"/>
  <testcase name="setUpData" time="1.639" classname="com.pkg.testcases.DataSetter"/>
  <testcase name="setUpData" time="1.626" classname="com.pkg.testcases.DataSetter"/>
  <testcase name="setUpData" time="1.653" classname="com.pkg.testcases.DataSetter"/>
  <testcase name="setUpData" time="1.653" classname="com.pkg.testcases.DataSetter"/>
  <testcase name="setUpData" time="1.706" classname="com.pkg.testcases.DataSetter"/>
  <testcase name="setUpData" time="1.641" classname="com.pkg.testcases.DataSetter"/>
  <testcase name="setUpData" time="1.624" classname="com.pkg.testcases.DataSetter"/>
  <testcase name="setUpData" time="1.63" classname="com.pkg.testcases.DataSetter"/>
  <testcase name="setUpData" time="1.613" classname="com.pkg.testcases.DataSetter"/>
  <testcase name="setUpData" time="1.664" classname="com.pkg.testcases.DataSetter"/>
  <testcase name="setUpData" time="1.623" classname="com.pkg.testcases.DataSetter"/>
  <testcase name="setUpData" time="1.619" classname="com.pkg.testcases.DataSetter"/>
  <testcase name="setUpData" time="1.639" classname="com.pkg.testcases.DataSetter"/>
  <testcase name="setUpData" time="1.636" classname="com.pkg.testcases.DataSetter"/>
  <testcase name="setUpData" time="1.637" classname="com.pkg.testcases.DataSetter"/>
  <testcase name="setUpData" time="1.626" classname="com.pkg.testcases.DataSetter"/>
  <testcase name="setUpData" time="1.644" classname="com.pkg.testcases.DataSetter"/>
  <testcase name="setUpData" time="1.785" classname="com.pkg.testcases.DataSetter"/>
  <testcase name="setUpData" time="1.638" classname="com.pkg.testcases.DataSetter"/>
  <testcase name="setUpData" time="1.617" classname="com.pkg.testcases.DataSetter"/>
  <testcase name="setUpData" time="1.63" classname="com.pkg.testcases.DataSetter"/>
  <testcase name="setUpData" time="1.639" classname="com.pkg.testcases.DataSetter"/>
  <testcase name="setUpData" time="1.61" classname="com.pkg.testcases.DataSetter"/>
  <testcase name="setUpData" time="1.61" classname="com.pkg.testcases.DataSetter"/>
  <testcase name="setUpData" time="1.766" classname="com.pkg.testcases.DataSetter"/>
  <testcase name="setUpData" time="1.675" classname="com.pkg.testcases.DataSetter"/>
  <testcase name="setUpData" time="1.73" classname="com.pkg.testcases.DataSetter"/>
  <testcase name="setUpData" time="1.65" classname="com.pkg.testcases.DataSetter"/>
  <testcase name="setUpData" time="1.769" classname="com.pkg.testcases.DataSetter"/>
  <testcase name="setUpData" time="1.615" classname="com.pkg.testcases.DataSetter"/>
  <testcase name="setUpData" time="1.625" classname="com.pkg.testcases.DataSetter"/>
  <testcase name="setUpData" time="1.643" classname="com.pkg.testcases.DataSetter"/>
  <testcase name="setUpData" time="1.674" classname="com.pkg.testcases.DataSetter"/>
  <testcase name="setUpData" time="1.615" classname="com.pkg.testcases.DataSetter"/>
  <testcase name="setUpData" time="1.629" classname="com.pkg.testcases.DataSetter"/>
  <testcase name="setUpData" time="1.633" classname="com.pkg.testcases.DataSetter"/>
  <testcase name="setUpData" time="1.634" classname="com.pkg.testcases.DataSetter"/>
  <testcase name="setUpData" time="1.611" classname="com.pkg.testcases.DataSetter"/>
  <testcase name="setUpData" time="1.643" classname="com.pkg.testcases.DataSetter"/>
  <testcase name="setUpData" time="1.623" classname="com.pkg.testcases.DataSetter"/>
  <testcase name="setUpData" time="1.645" classname="com.pkg.testcases.DataSetter"/>
  <testcase name="setUpData" time="1.609" classname="com.pkg.testcases.DataSetter"/>
  <testcase name="setUpData" time="1.768" classname="com.pkg.testcases.DataSetter"/>
  <testcase name="setUpData" time="1.633" classname="com.pkg.testcases.DataSetter"/>
  <testcase name="setUpData" time="1.673" classname="com.pkg.testcases.DataSetter"/>
  <testcase name="postSyStemProcessTest" time="6.628" classname="com.pkg.testcases.SetSystemStatus"/>
  <testcase name="postSyStemProcessTest" time="4.697" classname="com.pkg.testcases.SetSystemStatus"/>
  <testcase name="postSyStemProcessTest" time="4.554" classname="com.pkg.testcases.SetSystemStatus"/>
  <testcase name="postSyStemProcessTest" time="4.407" classname="com.pkg.testcases.SetSystemStatus"/>
  <testcase name="postSyStemProcessTest" time="4.4" classname="com.pkg.testcases.SetSystemStatus"/>
  <testcase name="postSyStemProcessTest" time="4.5" classname="com.pkg.testcases.SetSystemStatus"/>
  <testcase name="dataBaseValidation" time="70.292" classname="com.pkg.testcases.SetSystemStatus"/>
  <testcase name="dataBaseValidation" time="8.033" classname="com.pkg.testcases.SetSystemStatus"/>
  <testcase name="dataBaseValidation" time="7.699" classname="com.pkg.testcases.SetSystemStatus"/>
  <testcase name="dataBaseValidation" time="6.861" classname="com.pkg.testcases.SetSystemStatus"/>
  <testcase name="dataBaseValidation" time="8.398" classname="com.pkg.testcases.SetSystemStatus"/>
  <testcase name="dataBaseValidation" time="6.624" classname="com.pkg.testcases.SetSystemStatus"/>
</testsuite> <!-- Test -->
