<?xml version="1.0" encoding="UTF-8"?>
<!-- Generated by org.testng.reporters.JUnitXMLReporter -->
<testsuite hostname="CMLPT015" ignored="0" name="Test" tests="33" failures="0" timestamp="04 Jun 2019 06:50:43 GMT" time="71.763" errors="0">
  <testcase name="setUpData" time="2.736" classname="com.pkg.testcases.DataSetter"/>
  <testcase name="setUpData" time="2.021" classname="com.pkg.testcases.DataSetter"/>
  <testcase name="setUpData" time="1.749" classname="com.pkg.testcases.DataSetter"/>
  <testcase name="setUpData" time="1.719" classname="com.pkg.testcases.DataSetter"/>
  <testcase name="setUpData" time="1.688" classname="com.pkg.testcases.DataSetter"/>
  <testcase name="setUpData" time="1.984" classname="com.pkg.testcases.DataSetter"/>
  <testcase name="setUpData" time="1.718" classname="com.pkg.testcases.DataSetter"/>
  <testcase name="setUpData" time="1.7" classname="com.pkg.testcases.DataSetter"/>
  <testcase name="setUpData" time="2.142" classname="com.pkg.testcases.DataSetter"/>
  <testcase name="setUpData" time="1.699" classname="com.pkg.testcases.DataSetter"/>
  <testcase name="setUpData" time="1.75" classname="com.pkg.testcases.DataSetter"/>
  <testcase name="setUpData" time="1.953" classname="com.pkg.testcases.DataSetter"/>
  <testcase name="setUpData" time="1.766" classname="com.pkg.testcases.DataSetter"/>
  <testcase name="setUpData" time="1.703" classname="com.pkg.testcases.DataSetter"/>
  <testcase name="setUpData" time="1.86" classname="com.pkg.testcases.DataSetter"/>
  <testcase name="setUpData" time="1.953" classname="com.pkg.testcases.DataSetter"/>
  <testcase name="setUpData" time="1.734" classname="com.pkg.testcases.DataSetter"/>
  <testcase name="setUpData" time="1.785" classname="com.pkg.testcases.DataSetter"/>
  <testcase name="setUpData" time="1.847" classname="com.pkg.testcases.DataSetter"/>
  <testcase name="setUpData" time="1.703" classname="com.pkg.testcases.DataSetter"/>
  <testcase name="setUpData" time="1.697" classname="com.pkg.testcases.DataSetter"/>
  <testcase name="setUpData" time="1.969" classname="com.pkg.testcases.DataSetter"/>
  <testcase name="setUpData" time="1.719" classname="com.pkg.testcases.DataSetter"/>
  <testcase name="setUpData" time="1.703" classname="com.pkg.testcases.DataSetter"/>
  <testcase name="setUpData" time="1.89" classname="com.pkg.testcases.DataSetter"/>
  <testcase name="setUpData" time="1.797" classname="com.pkg.testcases.DataSetter"/>
  <testcase name="setUpData" time="1.723" classname="com.pkg.testcases.DataSetter"/>
  <testcase name="setUpData" time="1.749" classname="com.pkg.testcases.DataSetter"/>
  <testcase name="setUpData" time="1.9" classname="com.pkg.testcases.DataSetter"/>
  <testcase name="setUpData" time="1.656" classname="com.pkg.testcases.DataSetter"/>
  <testcase name="setUpData" time="1.703" classname="com.pkg.testcases.DataSetter"/>
  <testcase name="setUpData" time="1.957" classname="com.pkg.testcases.DataSetter"/>
  <testcase name="setUpData" time="1.736" classname="com.pkg.testcases.DataSetter"/>
</testsuite> <!-- Test -->
