<?xml version="1.0" encoding="UTF-8"?>
<testsuite xmlns:xsi="http://www.w3.org/2001/XMLSchema-instance" xsi:noNamespaceSchemaLocation="https://maven.apache.org/surefire/maven-surefire-plugin/xsd/surefire-test-report.xsd" name="TestSuite" time="70.196" tests="6" errors="0" skipped="0" failures="1">
  <properties>
[...]
</properties>
  <testcase name="postSyStemProcessTest" classname="com.pkg.testcases.SetSystemStatus" time="5.589"/>
  <testcase name="postSyStemProcessTest" classname="com.pkg.testcases.SetSystemStatus" time="4.482"/>
  <testcase name="postSyStemProcessTest" classname="com.pkg.testcases.SetSystemStatus" time="4.335"/>
  <testcase name="dataBaseValidation" classname="com.pkg.testcases.SetSystemStatus" time="17.912"/>
  <testcase name="dataBaseValidation" classname="com.pkg.testcases.SetSystemStatus" time="6.313">
    <failure message="expected [3] but found [1]" type="java.lang.AssertionError">java.lang.AssertionError: expected [3] but found [1]
	at com.pkg.testcases.SetSystemStatus.dataBaseValidation(SetSystemStatus.java:164)
</failure>
    <system-out><![CDATA[621
expected status3
Queue Active Count is:0
1
]]></system-out>
  </testcase>
  <testcase name="dataBaseValidation" classname="com.pkg.testcases.SetSystemStatus" time="7.17"/>
</testsuite>